{"/home/switch/projet/projet-s/projet_s_server/app.js": {"path":"/home/switch/projet/projet-s/projet_s_server/app.js","statementMap":{"0":{"start":{"line":1,"column":16},"end":{"line":1,"column":34}},"1":{"start":{"line":2,"column":12},"end":{"line":2,"column":21}},"2":{"start":{"line":3,"column":19},"end":{"line":3,"column":41}},"3":{"start":{"line":4,"column":15},"end":{"line":4,"column":40}},"4":{"start":{"line":6,"column":0},"end":{"line":6,"column":50}},"5":{"start":{"line":7,"column":0},"end":{"line":7,"column":26}},"6":{"start":{"line":9,"column":0},"end":{"line":9,"column":26}},"7":{"start":{"line":12,"column":0},"end":{"line":12,"column":20}},"8":{"start":{"line":14,"column":15},"end":{"line":16,"column":2}},"9":{"start":{"line":15,"column":4},"end":{"line":15,"column":64}},"10":{"start":{"line":18,"column":0},"end":{"line":18,"column":55}},"11":{"start":{"line":18,"column":39},"end":{"line":18,"column":53}},"12":{"start":{"line":19,"column":0},"end":{"line":19,"column":42}},"13":{"start":{"line":19,"column":26},"end":{"line":19,"column":40}},"14":{"start":{"line":20,"column":0},"end":{"line":20,"column":45}},"15":{"start":{"line":20,"column":29},"end":{"line":20,"column":43}},"16":{"start":{"line":22,"column":0},"end":{"line":22,"column":33}}},"fnMap":{"0":{"name":"(anonymous_0)","decl":{"start":{"line":14,"column":44},"end":{"line":14,"column":45}},"loc":{"start":{"line":14,"column":51},"end":{"line":16,"column":1}},"line":14},"1":{"name":"(anonymous_1)","decl":{"start":{"line":18,"column":32},"end":{"line":18,"column":33}},"loc":{"start":{"line":18,"column":38},"end":{"line":18,"column":54}},"line":18},"2":{"name":"(anonymous_2)","decl":{"start":{"line":19,"column":19},"end":{"line":19,"column":20}},"loc":{"start":{"line":19,"column":25},"end":{"line":19,"column":41}},"line":19},"3":{"name":"(anonymous_3)","decl":{"start":{"line":20,"column":22},"end":{"line":20,"column":23}},"loc":{"start":{"line":20,"column":28},"end":{"line":20,"column":44}},"line":20}},"branchMap":{},"s":{"0":1,"1":1,"2":1,"3":1,"4":1,"5":1,"6":1,"7":1,"8":1,"9":0,"10":1,"11":0,"12":1,"13":0,"14":1,"15":0,"16":1},"f":{"0":0,"1":0,"2":0,"3":0},"b":{},"_coverageSchema":"1a1c01bbd47fc00a2c39e90264f33305004495a9","hash":"8fdfa9fa5d4c82ccd1f475fe90744fd324d472cd"}
,"/home/switch/projet/projet-s/projet_s_server/denpendency-injection.js": {"path":"/home/switch/projet/projet-s/projet_s_server/denpendency-injection.js","statementMap":{"0":{"start":{"line":2,"column":23},"end":{"line":2,"column":63}},"1":{"start":{"line":3,"column":23},"end":{"line":3,"column":63}},"2":{"start":{"line":4,"column":20},"end":{"line":4,"column":54}},"3":{"start":{"line":5,"column":20},"end":{"line":5,"column":54}},"4":{"start":{"line":6,"column":27},"end":{"line":6,"column":72}},"5":{"start":{"line":9,"column":15},"end":{"line":9,"column":32}},"6":{"start":{"line":12,"column":18},"end":{"line":14,"column":2}},"7":{"start":{"line":16,"column":0},"end":{"line":23,"column":4}},"8":{"start":{"line":25,"column":0},"end":{"line":25,"column":26}}},"fnMap":{},"branchMap":{},"s":{"0":1,"1":1,"2":1,"3":1,"4":1,"5":1,"6":1,"7":1,"8":1},"f":{},"b":{},"_coverageSchema":"1a1c01bbd47fc00a2c39e90264f33305004495a9","hash":"cad88c4ecbae476b0c393b16e9ffd6335c37d2de"}
,"/home/switch/projet/projet-s/projet_s_server/controllers/auth.controller.js": {"path":"/home/switch/projet/projet-s/projet_s_server/controllers/auth.controller.js","statementMap":{"0":{"start":{"line":1,"column":20},"end":{"line":1,"column":42}},"1":{"start":{"line":2,"column":0},"end":{"line":2,"column":26}},"2":{"start":{"line":7,"column":8},"end":{"line":7,"column":46}},"3":{"start":{"line":8,"column":8},"end":{"line":8,"column":38}},"4":{"start":{"line":11,"column":15},"end":{"line":25,"column":5}},"5":{"start":{"line":12,"column":8},"end":{"line":24,"column":9}},"6":{"start":{"line":13,"column":25},"end":{"line":13,"column":66}},"7":{"start":{"line":15,"column":12},"end":{"line":19,"column":14}},"8":{"start":{"line":22,"column":12},"end":{"line":22,"column":26}},"9":{"start":{"line":23,"column":12},"end":{"line":23,"column":54}},"10":{"start":{"line":27,"column":12},"end":{"line":40,"column":5}},"11":{"start":{"line":28,"column":8},"end":{"line":39,"column":9}},"12":{"start":{"line":29,"column":25},"end":{"line":29,"column":63}},"13":{"start":{"line":30,"column":12},"end":{"line":34,"column":14}},"14":{"start":{"line":36,"column":12},"end":{"line":36,"column":42}},"15":{"start":{"line":37,"column":12},"end":{"line":37,"column":26}},"16":{"start":{"line":38,"column":12},"end":{"line":38,"column":54}},"17":{"start":{"line":42,"column":0},"end":{"line":42,"column":32}}},"fnMap":{"0":{"name":"(anonymous_0)","decl":{"start":{"line":6,"column":4},"end":{"line":6,"column":5}},"loc":{"start":{"line":6,"column":29},"end":{"line":9,"column":5}},"line":6},"1":{"name":"(anonymous_1)","decl":{"start":{"line":11,"column":15},"end":{"line":11,"column":16}},"loc":{"start":{"line":11,"column":41},"end":{"line":25,"column":5}},"line":11},"2":{"name":"(anonymous_2)","decl":{"start":{"line":27,"column":12},"end":{"line":27,"column":13}},"loc":{"start":{"line":27,"column":38},"end":{"line":40,"column":5}},"line":27}},"branchMap":{},"s":{"0":1,"1":1,"2":1,"3":1,"4":1,"5":2,"6":2,"7":1,"8":1,"9":1,"10":1,"11":1,"12":1,"13":1,"14":0,"15":0,"16":0,"17":1},"f":{"0":1,"1":2,"2":1},"b":{},"_coverageSchema":"1a1c01bbd47fc00a2c39e90264f33305004495a9","hash":"5bb1ed0a1c92f9516e2d2e3fde7d36bb5c87f7a0"}
,"/home/switch/projet/projet-s/projet_s_server/controllers/user.controller.js": {"path":"/home/switch/projet/projet-s/projet_s_server/controllers/user.controller.js","statementMap":{"0":{"start":{"line":2,"column":0},"end":{"line":2,"column":26}},"1":{"start":{"line":3,"column":12},"end":{"line":3,"column":35}},"2":{"start":{"line":8,"column":8},"end":{"line":8,"column":46}},"3":{"start":{"line":9,"column":8},"end":{"line":9,"column":38}},"4":{"start":{"line":13,"column":10},"end":{"line":28,"column":5}},"5":{"start":{"line":14,"column":8},"end":{"line":27,"column":9}},"6":{"start":{"line":15,"column":12},"end":{"line":15,"column":61}},"7":{"start":{"line":16,"column":26},"end":{"line":16,"column":54}},"8":{"start":{"line":17,"column":12},"end":{"line":21,"column":14}},"9":{"start":{"line":22,"column":12},"end":{"line":22,"column":55}},"10":{"start":{"line":25,"column":12},"end":{"line":25,"column":26}},"11":{"start":{"line":26,"column":12},"end":{"line":26,"column":18}},"12":{"start":{"line":30,"column":15},"end":{"line":46,"column":5}},"13":{"start":{"line":31,"column":8},"end":{"line":45,"column":9}},"14":{"start":{"line":32,"column":12},"end":{"line":32,"column":56}},"15":{"start":{"line":33,"column":21},"end":{"line":33,"column":34}},"16":{"start":{"line":35,"column":25},"end":{"line":35,"column":60}},"17":{"start":{"line":36,"column":12},"end":{"line":40,"column":14}},"18":{"start":{"line":43,"column":12},"end":{"line":43,"column":26}},"19":{"start":{"line":44,"column":12},"end":{"line":44,"column":18}},"20":{"start":{"line":48,"column":9},"end":{"line":64,"column":5}},"21":{"start":{"line":49,"column":8},"end":{"line":63,"column":9}},"22":{"start":{"line":50,"column":12},"end":{"line":50,"column":64}},"23":{"start":{"line":51,"column":25},"end":{"line":51,"column":72}},"24":{"start":{"line":52,"column":23},"end":{"line":52,"column":71}},"25":{"start":{"line":53,"column":12},"end":{"line":57,"column":14}},"26":{"start":{"line":61,"column":12},"end":{"line":61,"column":26}},"27":{"start":{"line":62,"column":12},"end":{"line":62,"column":18}},"28":{"start":{"line":66,"column":13},"end":{"line":83,"column":5}},"29":{"start":{"line":67,"column":8},"end":{"line":82,"column":9}},"30":{"start":{"line":68,"column":35},"end":{"line":68,"column":93}},"31":{"start":{"line":70,"column":12},"end":{"line":70,"column":75}},"32":{"start":{"line":72,"column":35},"end":{"line":72,"column":90}},"33":{"start":{"line":73,"column":12},"end":{"line":77,"column":14}},"34":{"start":{"line":80,"column":12},"end":{"line":80,"column":26}},"35":{"start":{"line":81,"column":12},"end":{"line":81,"column":18}},"36":{"start":{"line":85,"column":14},"end":{"line":99,"column":5}},"37":{"start":{"line":86,"column":8},"end":{"line":98,"column":9}},"38":{"start":{"line":87,"column":12},"end":{"line":87,"column":58}},"39":{"start":{"line":88,"column":33},"end":{"line":88,"column":91}},"40":{"start":{"line":89,"column":12},"end":{"line":89,"column":60}},"41":{"start":{"line":90,"column":12},"end":{"line":93,"column":14}},"42":{"start":{"line":96,"column":12},"end":{"line":96,"column":26}},"43":{"start":{"line":97,"column":12},"end":{"line":97,"column":18}},"44":{"start":{"line":101,"column":0},"end":{"line":101,"column":32}}},"fnMap":{"0":{"name":"(anonymous_0)","decl":{"start":{"line":7,"column":4},"end":{"line":7,"column":5}},"loc":{"start":{"line":7,"column":29},"end":{"line":11,"column":5}},"line":7},"1":{"name":"(anonymous_1)","decl":{"start":{"line":13,"column":10},"end":{"line":13,"column":11}},"loc":{"start":{"line":13,"column":36},"end":{"line":28,"column":5}},"line":13},"2":{"name":"(anonymous_2)","decl":{"start":{"line":30,"column":15},"end":{"line":30,"column":16}},"loc":{"start":{"line":30,"column":41},"end":{"line":46,"column":5}},"line":30},"3":{"name":"(anonymous_3)","decl":{"start":{"line":48,"column":9},"end":{"line":48,"column":10}},"loc":{"start":{"line":48,"column":35},"end":{"line":64,"column":5}},"line":48},"4":{"name":"(anonymous_4)","decl":{"start":{"line":66,"column":13},"end":{"line":66,"column":14}},"loc":{"start":{"line":66,"column":39},"end":{"line":83,"column":5}},"line":66},"5":{"name":"(anonymous_5)","decl":{"start":{"line":85,"column":14},"end":{"line":85,"column":15}},"loc":{"start":{"line":85,"column":40},"end":{"line":99,"column":5}},"line":85}},"branchMap":{},"s":{"0":1,"1":1,"2":1,"3":1,"4":1,"5":1,"6":1,"7":1,"8":1,"9":1,"10":0,"11":0,"12":1,"13":2,"14":2,"15":2,"16":2,"17":1,"18":1,"19":1,"20":1,"21":2,"22":2,"23":2,"24":2,"25":2,"26":0,"27":0,"28":1,"29":1,"30":1,"31":1,"32":1,"33":1,"34":0,"35":0,"36":1,"37":1,"38":1,"39":1,"40":1,"41":1,"42":0,"43":0,"44":1},"f":{"0":1,"1":1,"2":2,"3":2,"4":1,"5":1},"b":{},"_coverageSchema":"1a1c01bbd47fc00a2c39e90264f33305004495a9","hash":"34b4d466ff8c6246d8525e69e843e918dcfd7503"}
,"/home/switch/projet/projet-s/projet_s_server/middlewares/auth.js": {"path":"/home/switch/projet/projet-s/projet_s_server/middlewares/auth.js","statementMap":{"0":{"start":{"line":1,"column":12},"end":{"line":1,"column":35}},"1":{"start":{"line":2,"column":20},"end":{"line":2,"column":42}},"2":{"start":{"line":5,"column":13},"end":{"line":19,"column":1}},"3":{"start":{"line":6,"column":4},"end":{"line":8,"column":5}},"4":{"start":{"line":7,"column":8},"end":{"line":7,"column":73}},"5":{"start":{"line":9,"column":18},"end":{"line":9,"column":57}},"6":{"start":{"line":10,"column":4},"end":{"line":12,"column":5}},"7":{"start":{"line":11,"column":8},"end":{"line":11,"column":47}},"8":{"start":{"line":13,"column":4},"end":{"line":18,"column":6}},"9":{"start":{"line":14,"column":8},"end":{"line":14,"column":23}},"10":{"start":{"line":15,"column":8},"end":{"line":15,"column":14}},"11":{"start":{"line":17,"column":8},"end":{"line":17,"column":49}},"12":{"start":{"line":20,"column":0},"end":{"line":20,"column":22}}},"fnMap":{"0":{"name":"(anonymous_0)","decl":{"start":{"line":5,"column":13},"end":{"line":5,"column":14}},"loc":{"start":{"line":5,"column":39},"end":{"line":19,"column":1}},"line":5},"1":{"name":"(anonymous_1)","decl":{"start":{"line":13,"column":44},"end":{"line":13,"column":45}},"loc":{"start":{"line":13,"column":52},"end":{"line":16,"column":5}},"line":13},"2":{"name":"(anonymous_2)","decl":{"start":{"line":16,"column":14},"end":{"line":16,"column":15}},"loc":{"start":{"line":16,"column":19},"end":{"line":18,"column":5}},"line":16}},"branchMap":{"0":{"loc":{"start":{"line":6,"column":4},"end":{"line":8,"column":5}},"type":"if","locations":[{"start":{"line":6,"column":4},"end":{"line":8,"column":5}},{"start":{},"end":{}}],"line":6},"1":{"loc":{"start":{"line":10,"column":4},"end":{"line":12,"column":5}},"type":"if","locations":[{"start":{"line":10,"column":4},"end":{"line":12,"column":5}},{"start":{},"end":{}}],"line":10}},"s":{"0":1,"1":1,"2":1,"3":4,"4":0,"5":4,"6":4,"7":0,"8":4,"9":4,"10":4,"11":0,"12":1},"f":{"0":4,"1":4,"2":0},"b":{"0":[0,4],"1":[0,4]},"_coverageSchema":"1a1c01bbd47fc00a2c39e90264f33305004495a9","hash":"7972403a6b99dfd5462f4e12ec1d4108549cfcd3"}
,"/home/switch/projet/projet-s/projet_s_server/repositories/user.repository.js": {"path":"/home/switch/projet/projet-s/projet_s_server/repositories/user.repository.js","statementMap":{"0":{"start":{"line":1,"column":33},"end":{"line":1,"column":58}},"1":{"start":{"line":2,"column":15},"end":{"line":2,"column":33}},"2":{"start":{"line":3,"column":20},"end":{"line":3,"column":42}},"3":{"start":{"line":19,"column":0},"end":{"line":19,"column":32}}},"fnMap":{"0":{"name":"(anonymous_0)","decl":{"start":{"line":6,"column":5},"end":{"line":6,"column":6}},"loc":{"start":{"line":6,"column":20},"end":{"line":6,"column":22}},"line":6},"1":{"name":"(anonymous_1)","decl":{"start":{"line":8,"column":5},"end":{"line":8,"column":6}},"loc":{"start":{"line":8,"column":29},"end":{"line":8,"column":31}},"line":8},"2":{"name":"(anonymous_2)","decl":{"start":{"line":10,"column":5},"end":{"line":10,"column":6}},"loc":{"start":{"line":10,"column":23},"end":{"line":10,"column":25}},"line":10},"3":{"name":"(anonymous_3)","decl":{"start":{"line":12,"column":5},"end":{"line":12,"column":6}},"loc":{"start":{"line":12,"column":28},"end":{"line":12,"column":30}},"line":12},"4":{"name":"(anonymous_4)","decl":{"start":{"line":14,"column":5},"end":{"line":14,"column":6}},"loc":{"start":{"line":14,"column":21},"end":{"line":14,"column":23}},"line":14},"5":{"name":"(anonymous_5)","decl":{"start":{"line":16,"column":5},"end":{"line":16,"column":6}},"loc":{"start":{"line":16,"column":32},"end":{"line":16,"column":34}},"line":16}},"branchMap":{},"s":{"0":1,"1":1,"2":1,"3":1},"f":{"0":0,"1":0,"2":0,"3":0,"4":0,"5":0},"b":{},"_coverageSchema":"1a1c01bbd47fc00a2c39e90264f33305004495a9","hash":"a687581069f7e9a6580f93968f1b876f590f5fba"}
,"/home/switch/projet/projet-s/projet_s_server/repositories/user.repositoryImpl.js": {"path":"/home/switch/projet/projet-s/projet_s_server/repositories/user.repositoryImpl.js","statementMap":{"0":{"start":{"line":1,"column":33},"end":{"line":1,"column":58}},"1":{"start":{"line":2,"column":15},"end":{"line":2,"column":33}},"2":{"start":{"line":3,"column":20},"end":{"line":3,"column":42}},"3":{"start":{"line":4,"column":23},"end":{"line":4,"column":51}},"4":{"start":{"line":9,"column":8},"end":{"line":9,"column":15}},"5":{"start":{"line":10,"column":8},"end":{"line":10,"column":46}},"6":{"start":{"line":15,"column":8},"end":{"line":15,"column":44}},"7":{"start":{"line":19,"column":21},"end":{"line":23,"column":10}},"8":{"start":{"line":24,"column":8},"end":{"line":27,"column":9}},"9":{"start":{"line":25,"column":12},"end":{"line":25,"column":46}},"10":{"start":{"line":26,"column":12},"end":{"line":26,"column":61}},"11":{"start":{"line":28,"column":8},"end":{"line":28,"column":19}},"12":{"start":{"line":32,"column":21},"end":{"line":36,"column":10}},"13":{"start":{"line":37,"column":8},"end":{"line":40,"column":9}},"14":{"start":{"line":38,"column":12},"end":{"line":38,"column":46}},"15":{"start":{"line":39,"column":12},"end":{"line":39,"column":61}},"16":{"start":{"line":41,"column":8},"end":{"line":41,"column":19}},"17":{"start":{"line":45,"column":8},"end":{"line":60,"column":9}},"18":{"start":{"line":46,"column":35},"end":{"line":48,"column":14}},"19":{"start":{"line":50,"column":12},"end":{"line":59,"column":13}},"20":{"start":{"line":51,"column":16},"end":{"line":58,"column":17}},"21":{"start":{"line":52,"column":20},"end":{"line":54,"column":21}},"22":{"start":{"line":57,"column":20},"end":{"line":57,"column":27}},"23":{"start":{"line":64,"column":8},"end":{"line":73,"column":9}},"24":{"start":{"line":65,"column":12},"end":{"line":69,"column":14}},"25":{"start":{"line":71,"column":12},"end":{"line":71,"column":26}},"26":{"start":{"line":72,"column":12},"end":{"line":72,"column":19}},"27":{"start":{"line":77,"column":8},"end":{"line":86,"column":9}},"28":{"start":{"line":78,"column":12},"end":{"line":83,"column":14}},"29":{"start":{"line":85,"column":12},"end":{"line":85,"column":19}},"30":{"start":{"line":90,"column":0},"end":{"line":90,"column":35}}},"fnMap":{"0":{"name":"(anonymous_0)","decl":{"start":{"line":8,"column":4},"end":{"line":8,"column":5}},"loc":{"start":{"line":8,"column":18},"end":{"line":11,"column":5}},"line":8},"1":{"name":"(anonymous_1)","decl":{"start":{"line":14,"column":4},"end":{"line":14,"column":5}},"loc":{"start":{"line":14,"column":20},"end":{"line":16,"column":5}},"line":14},"2":{"name":"(anonymous_2)","decl":{"start":{"line":18,"column":4},"end":{"line":18,"column":5}},"loc":{"start":{"line":18,"column":29},"end":{"line":29,"column":5}},"line":18},"3":{"name":"(anonymous_3)","decl":{"start":{"line":31,"column":4},"end":{"line":31,"column":5}},"loc":{"start":{"line":31,"column":23},"end":{"line":42,"column":5}},"line":31},"4":{"name":"(anonymous_4)","decl":{"start":{"line":44,"column":4},"end":{"line":44,"column":5}},"loc":{"start":{"line":44,"column":28},"end":{"line":61,"column":5}},"line":44},"5":{"name":"(anonymous_5)","decl":{"start":{"line":63,"column":4},"end":{"line":63,"column":5}},"loc":{"start":{"line":63,"column":21},"end":{"line":74,"column":5}},"line":63},"6":{"name":"(anonymous_6)","decl":{"start":{"line":76,"column":4},"end":{"line":76,"column":5}},"loc":{"start":{"line":76,"column":27},"end":{"line":87,"column":5}},"line":76}},"branchMap":{"0":{"loc":{"start":{"line":24,"column":8},"end":{"line":27,"column":9}},"type":"if","locations":[{"start":{"line":24,"column":8},"end":{"line":27,"column":9}},{"start":{},"end":{}}],"line":24},"1":{"loc":{"start":{"line":37,"column":8},"end":{"line":40,"column":9}},"type":"if","locations":[{"start":{"line":37,"column":8},"end":{"line":40,"column":9}},{"start":{},"end":{}}],"line":37},"2":{"loc":{"start":{"line":50,"column":12},"end":{"line":59,"column":13}},"type":"if","locations":[{"start":{"line":50,"column":12},"end":{"line":59,"column":13}},{"start":{},"end":{}}],"line":50},"3":{"loc":{"start":{"line":51,"column":16},"end":{"line":58,"column":17}},"type":"if","locations":[{"start":{"line":51,"column":16},"end":{"line":58,"column":17}},{"start":{"line":56,"column":21},"end":{"line":58,"column":17}}],"line":51}},"s":{"0":1,"1":1,"2":1,"3":1,"4":2,"5":2,"6":1,"7":2,"8":2,"9":0,"10":0,"11":2,"12":4,"13":4,"14":1,"15":1,"16":3,"17":2,"18":2,"19":1,"20":1,"21":1,"22":0,"23":1,"24":1,"25":0,"26":0,"27":1,"28":1,"29":0,"30":1},"f":{"0":2,"1":1,"2":2,"3":4,"4":2,"5":1,"6":1},"b":{"0":[0,2],"1":[1,3],"2":[1,0],"3":[1,0]},"_coverageSchema":"1a1c01bbd47fc00a2c39e90264f33305004495a9","hash":"fd3a30a33c54f7c3ce4f3909d00ce1b8ddaa6f48"}
,"/home/switch/projet/projet-s/projet_s_server/routes/auth.js": {"path":"/home/switch/projet/projet-s/projet_s_server/routes/auth.js","statementMap":{"0":{"start":{"line":1,"column":15},"end":{"line":1,"column":42}},"1":{"start":{"line":3,"column":19},"end":{"line":3,"column":54}},"2":{"start":{"line":5,"column":23},"end":{"line":5,"column":58}},"3":{"start":{"line":8,"column":0},"end":{"line":8,"column":42}},"4":{"start":{"line":10,"column":0},"end":{"line":10,"column":44}},"5":{"start":{"line":12,"column":0},"end":{"line":12,"column":24}}},"fnMap":{},"branchMap":{},"s":{"0":1,"1":1,"2":1,"3":1,"4":1,"5":1},"f":{},"b":{},"_coverageSchema":"1a1c01bbd47fc00a2c39e90264f33305004495a9","hash":"2f0e25742f9296aed378362b831b48184463b873"}
,"/home/switch/projet/projet-s/projet_s_server/routes/index.js": {"path":"/home/switch/projet/projet-s/projet_s_server/routes/index.js","statementMap":{"0":{"start":{"line":1,"column":16},"end":{"line":1,"column":34}},"1":{"start":{"line":2,"column":15},"end":{"line":2,"column":31}},"2":{"start":{"line":3,"column":13},"end":{"line":3,"column":30}},"3":{"start":{"line":4,"column":13},"end":{"line":4,"column":30}},"4":{"start":{"line":5,"column":20},"end":{"line":5,"column":42}},"5":{"start":{"line":8,"column":0},"end":{"line":10,"column":3}},"6":{"start":{"line":9,"column":4},"end":{"line":9,"column":29}},"7":{"start":{"line":11,"column":0},"end":{"line":11,"column":26}},"8":{"start":{"line":12,"column":0},"end":{"line":12,"column":26}},"9":{"start":{"line":13,"column":0},"end":{"line":15,"column":2}},"10":{"start":{"line":14,"column":4},"end":{"line":14,"column":49}},"11":{"start":{"line":16,"column":0},"end":{"line":21,"column":2}},"12":{"start":{"line":17,"column":4},"end":{"line":20,"column":6}},"13":{"start":{"line":23,"column":0},"end":{"line":23,"column":24}}},"fnMap":{"0":{"name":"(anonymous_0)","decl":{"start":{"line":8,"column":16},"end":{"line":8,"column":17}},"loc":{"start":{"line":8,"column":30},"end":{"line":10,"column":1}},"line":8},"1":{"name":"(anonymous_1)","decl":{"start":{"line":13,"column":12},"end":{"line":13,"column":13}},"loc":{"start":{"line":13,"column":38},"end":{"line":15,"column":1}},"line":13},"2":{"name":"(anonymous_2)","decl":{"start":{"line":16,"column":12},"end":{"line":16,"column":13}},"loc":{"start":{"line":16,"column":37},"end":{"line":21,"column":1}},"line":16}},"branchMap":{"0":{"loc":{"start":{"line":17,"column":15},"end":{"line":17,"column":32}},"type":"binary-expr","locations":[{"start":{"line":17,"column":15},"end":{"line":17,"column":25}},{"start":{"line":17,"column":29},"end":{"line":17,"column":32}}],"line":17}},"s":{"0":1,"1":1,"2":1,"3":1,"4":1,"5":1,"6":0,"7":1,"8":1,"9":1,"10":1,"11":1,"12":2,"13":1},"f":{"0":0,"1":1,"2":2},"b":{"0":[2,0]},"_coverageSchema":"1a1c01bbd47fc00a2c39e90264f33305004495a9","hash":"2307e9064ce203b9f55fcd93a0e005ce372ac501"}
,"/home/switch/projet/projet-s/projet_s_server/routes/user.js": {"path":"/home/switch/projet/projet-s/projet_s_server/routes/user.js","statementMap":{"0":{"start":{"line":1,"column":15},"end":{"line":1,"column":42}},"1":{"start":{"line":2,"column":13},"end":{"line":2,"column":43}},"2":{"start":{"line":4,"column":18},"end":{"line":4,"column":53}},"3":{"start":{"line":5,"column":23},"end":{"line":5,"column":58}},"4":{"start":{"line":8,"column":0},"end":{"line":8,"column":39}},"5":{"start":{"line":10,"column":0},"end":{"line":10,"column":43}},"6":{"start":{"line":12,"column":0},"end":{"line":12,"column":47}},"7":{"start":{"line":14,"column":0},"end":{"line":14,"column":45}},"8":{"start":{"line":16,"column":0},"end":{"line":16,"column":48}},"9":{"start":{"line":17,"column":0},"end":{"line":17,"column":24}}},"fnMap":{},"branchMap":{},"s":{"0":1,"1":1,"2":1,"3":1,"4":1,"5":1,"6":1,"7":1,"8":1,"9":1},"f":{},"b":{},"_coverageSchema":"1a1c01bbd47fc00a2c39e90264f33305004495a9","hash":"3a22aaad87a3cf482b66a215eb5937cd55490685"}
,"/home/switch/projet/projet-s/projet_s_server/services/auth.service.js": {"path":"/home/switch/projet/projet-s/projet_s_server/services/auth.service.js","statementMap":{"0":{"start":{"line":2,"column":20},"end":{"line":2,"column":42}},"1":{"start":{"line":3,"column":15},"end":{"line":3,"column":34}},"2":{"start":{"line":4,"column":12},"end":{"line":4,"column":35}},"3":{"start":{"line":9,"column":8},"end":{"line":9,"column":43}},"4":{"start":{"line":10,"column":8},"end":{"line":10,"column":44}},"5":{"start":{"line":14,"column":8},"end":{"line":14,"column":49}},"6":{"start":{"line":15,"column":26},"end":{"line":15,"column":30}},"7":{"start":{"line":16,"column":8},"end":{"line":24,"column":9}},"8":{"start":{"line":17,"column":12},"end":{"line":17,"column":61}},"9":{"start":{"line":18,"column":12},"end":{"line":18,"column":50}},"10":{"start":{"line":19,"column":25},"end":{"line":19,"column":69}},"11":{"start":{"line":20,"column":12},"end":{"line":20,"column":62}},"12":{"start":{"line":22,"column":12},"end":{"line":22,"column":30}},"13":{"start":{"line":23,"column":12},"end":{"line":23,"column":23}},"14":{"start":{"line":25,"column":8},"end":{"line":25,"column":20}},"15":{"start":{"line":29,"column":8},"end":{"line":29,"column":46}},"16":{"start":{"line":31,"column":36},"end":{"line":31,"column":40}},"17":{"start":{"line":32,"column":30},"end":{"line":32,"column":74}},"18":{"start":{"line":33,"column":8},"end":{"line":33,"column":34}},"19":{"start":{"line":34,"column":8},"end":{"line":34,"column":60}},"20":{"start":{"line":35,"column":8},"end":{"line":35,"column":37}},"21":{"start":{"line":36,"column":28},"end":{"line":36,"column":68}},"22":{"start":{"line":37,"column":8},"end":{"line":37,"column":48}},"23":{"start":{"line":41,"column":30},"end":{"line":41,"column":85}},"24":{"start":{"line":42,"column":8},"end":{"line":42,"column":97}},"25":{"start":{"line":42,"column":28},"end":{"line":42,"column":97}},"26":{"start":{"line":47,"column":0},"end":{"line":47,"column":29}}},"fnMap":{"0":{"name":"(anonymous_0)","decl":{"start":{"line":8,"column":4},"end":{"line":8,"column":5}},"loc":{"start":{"line":8,"column":31},"end":{"line":11,"column":5}},"line":8},"1":{"name":"(anonymous_1)","decl":{"start":{"line":13,"column":4},"end":{"line":13,"column":5}},"loc":{"start":{"line":13,"column":25},"end":{"line":26,"column":5}},"line":13},"2":{"name":"(anonymous_2)","decl":{"start":{"line":28,"column":4},"end":{"line":28,"column":5}},"loc":{"start":{"line":28,"column":22},"end":{"line":38,"column":5}},"line":28},"3":{"name":"(anonymous_3)","decl":{"start":{"line":40,"column":4},"end":{"line":40,"column":5}},"loc":{"start":{"line":40,"column":54},"end":{"line":43,"column":5}},"line":40}},"branchMap":{"0":{"loc":{"start":{"line":42,"column":8},"end":{"line":42,"column":97}},"type":"if","locations":[{"start":{"line":42,"column":8},"end":{"line":42,"column":97}},{"start":{},"end":{}}],"line":42}},"s":{"0":1,"1":1,"2":1,"3":1,"4":1,"5":2,"6":2,"7":2,"8":2,"9":2,"10":1,"11":1,"12":1,"13":1,"14":1,"15":1,"16":1,"17":1,"18":1,"19":1,"20":1,"21":1,"22":1,"23":1,"24":1,"25":0,"26":1},"f":{"0":1,"1":2,"2":1,"3":1},"b":{"0":[0,1]},"_coverageSchema":"1a1c01bbd47fc00a2c39e90264f33305004495a9","hash":"0af2098b74fa5a524363de69d94b4a1a37957c8d"}
,"/home/switch/projet/projet-s/projet_s_server/services/user.service.js": {"path":"/home/switch/projet/projet-s/projet_s_server/services/user.service.js","statementMap":{"0":{"start":{"line":2,"column":33},"end":{"line":2,"column":58}},"1":{"start":{"line":3,"column":15},"end":{"line":3,"column":33}},"2":{"start":{"line":4,"column":20},"end":{"line":4,"column":42}},"3":{"start":{"line":5,"column":0},"end":{"line":5,"column":26}},"4":{"start":{"line":6,"column":15},"end":{"line":6,"column":34}},"5":{"start":{"line":7,"column":12},"end":{"line":7,"column":35}},"6":{"start":{"line":13,"column":8},"end":{"line":13,"column":43}},"7":{"start":{"line":14,"column":8},"end":{"line":14,"column":44}},"8":{"start":{"line":19,"column":25},"end":{"line":19,"column":60}},"9":{"start":{"line":20,"column":8},"end":{"line":20,"column":24}},"10":{"start":{"line":25,"column":8},"end":{"line":25,"column":32}},"11":{"start":{"line":26,"column":21},"end":{"line":26,"column":59}},"12":{"start":{"line":27,"column":8},"end":{"line":27,"column":25}},"13":{"start":{"line":28,"column":8},"end":{"line":28,"column":20}},"14":{"start":{"line":33,"column":21},"end":{"line":33,"column":65}},"15":{"start":{"line":34,"column":8},"end":{"line":34,"column":25}},"16":{"start":{"line":35,"column":8},"end":{"line":35,"column":20}},"17":{"start":{"line":40,"column":8},"end":{"line":40,"column":46}},"18":{"start":{"line":45,"column":8},"end":{"line":45,"column":50}},"19":{"start":{"line":50,"column":8},"end":{"line":50,"column":44}},"20":{"start":{"line":54,"column":0},"end":{"line":54,"column":29}}},"fnMap":{"0":{"name":"(anonymous_0)","decl":{"start":{"line":12,"column":4},"end":{"line":12,"column":5}},"loc":{"start":{"line":12,"column":33},"end":{"line":15,"column":5}},"line":12},"1":{"name":"(anonymous_1)","decl":{"start":{"line":18,"column":4},"end":{"line":18,"column":5}},"loc":{"start":{"line":18,"column":16},"end":{"line":21,"column":5}},"line":18},"2":{"name":"(anonymous_2)","decl":{"start":{"line":24,"column":5},"end":{"line":24,"column":6}},"loc":{"start":{"line":24,"column":24},"end":{"line":29,"column":5}},"line":24},"3":{"name":"(anonymous_3)","decl":{"start":{"line":32,"column":5},"end":{"line":32,"column":6}},"loc":{"start":{"line":32,"column":30},"end":{"line":36,"column":5}},"line":32},"4":{"name":"(anonymous_4)","decl":{"start":{"line":39,"column":5},"end":{"line":39,"column":6}},"loc":{"start":{"line":39,"column":24},"end":{"line":41,"column":5}},"line":39},"5":{"name":"(anonymous_5)","decl":{"start":{"line":44,"column":5},"end":{"line":44,"column":6}},"loc":{"start":{"line":44,"column":28},"end":{"line":46,"column":5}},"line":44},"6":{"name":"(anonymous_6)","decl":{"start":{"line":49,"column":5},"end":{"line":49,"column":6}},"loc":{"start":{"line":49,"column":26},"end":{"line":51,"column":5}},"line":49}},"branchMap":{},"s":{"0":1,"1":1,"2":1,"3":1,"4":1,"5":1,"6":1,"7":1,"8":1,"9":1,"10":4,"11":4,"12":3,"13":3,"14":0,"15":0,"16":0,"17":0,"18":1,"19":1,"20":1},"f":{"0":1,"1":1,"2":4,"3":0,"4":0,"5":1,"6":1},"b":{},"_coverageSchema":"1a1c01bbd47fc00a2c39e90264f33305004495a9","hash":"625c9f5fde74c0c2d7c864606ff3b6628a7f720d"}
,"/home/switch/projet/projet-s/projet_s_server/utils/jwt.js": {"path":"/home/switch/projet/projet-s/projet_s_server/utils/jwt.js","statementMap":{"0":{"start":{"line":1,"column":12},"end":{"line":1,"column":35}},"1":{"start":{"line":2,"column":20},"end":{"line":2,"column":42}},"2":{"start":{"line":3,"column":0},"end":{"line":3,"column":26}},"3":{"start":{"line":4,"column":26},"end":{"line":4,"column":57}},"4":{"start":{"line":6,"column":0},"end":{"line":35,"column":1}},"5":{"start":{"line":8,"column":8},"end":{"line":17,"column":10}},"6":{"start":{"line":9,"column":12},"end":{"line":16,"column":14}},"7":{"start":{"line":12,"column":16},"end":{"line":14,"column":17}},"8":{"start":{"line":13,"column":16},"end":{"line":13,"column":57}},"9":{"start":{"line":15,"column":16},"end":{"line":15,"column":30}},"10":{"start":{"line":20,"column":8},"end":{"line":28,"column":10}},"11":{"start":{"line":21,"column":12},"end":{"line":27,"column":14}},"12":{"start":{"line":22,"column":16},"end":{"line":25,"column":17}},"13":{"start":{"line":23,"column":36},"end":{"line":23,"column":98}},"14":{"start":{"line":24,"column":20},"end":{"line":24,"column":68}},"15":{"start":{"line":26,"column":16},"end":{"line":26,"column":32}},"16":{"start":{"line":31,"column":30},"end":{"line":31,"column":49}},"17":{"start":{"line":32,"column":8},"end":{"line":32,"column":59}}},"fnMap":{"0":{"name":"(anonymous_0)","decl":{"start":{"line":7,"column":4},"end":{"line":7,"column":5}},"loc":{"start":{"line":7,"column":28},"end":{"line":18,"column":5}},"line":7},"1":{"name":"(anonymous_1)","decl":{"start":{"line":8,"column":27},"end":{"line":8,"column":28}},"loc":{"start":{"line":8,"column":48},"end":{"line":17,"column":9}},"line":8},"2":{"name":"(anonymous_2)","decl":{"start":{"line":11,"column":15},"end":{"line":11,"column":16}},"loc":{"start":{"line":11,"column":31},"end":{"line":16,"column":13}},"line":11},"3":{"name":"(anonymous_3)","decl":{"start":{"line":19,"column":4},"end":{"line":19,"column":5}},"loc":{"start":{"line":19,"column":28},"end":{"line":29,"column":5}},"line":19},"4":{"name":"(anonymous_4)","decl":{"start":{"line":20,"column":27},"end":{"line":20,"column":28}},"loc":{"start":{"line":20,"column":48},"end":{"line":28,"column":9}},"line":20},"5":{"name":"(anonymous_5)","decl":{"start":{"line":21,"column":49},"end":{"line":21,"column":50}},"loc":{"start":{"line":21,"column":67},"end":{"line":27,"column":13}},"line":21},"6":{"name":"(anonymous_6)","decl":{"start":{"line":30,"column":4},"end":{"line":30,"column":5}},"loc":{"start":{"line":30,"column":27},"end":{"line":33,"column":5}},"line":30}},"branchMap":{"0":{"loc":{"start":{"line":12,"column":16},"end":{"line":14,"column":17}},"type":"if","locations":[{"start":{"line":12,"column":16},"end":{"line":14,"column":17}},{"start":{},"end":{}}],"line":12},"1":{"loc":{"start":{"line":22,"column":16},"end":{"line":25,"column":17}},"type":"if","locations":[{"start":{"line":22,"column":16},"end":{"line":25,"column":17}},{"start":{},"end":{}}],"line":22},"2":{"loc":{"start":{"line":23,"column":36},"end":{"line":23,"column":98}},"type":"cond-expr","locations":[{"start":{"line":23,"column":70},"end":{"line":23,"column":84}},{"start":{"line":23,"column":87},"end":{"line":23,"column":98}}],"line":23}},"s":{"0":1,"1":1,"2":1,"3":1,"4":1,"5":2,"6":2,"7":2,"8":0,"9":2,"10":4,"11":4,"12":4,"13":0,"14":0,"15":4,"16":4,"17":4},"f":{"0":2,"1":2,"2":2,"3":4,"4":4,"5":4,"6":4},"b":{"0":[0,2],"1":[0,4],"2":[0,0]},"_coverageSchema":"1a1c01bbd47fc00a2c39e90264f33305004495a9","hash":"ab264f76cb9273b9e466d4e9f7cba4831e729666"}
}
